Arguments: 
  /usr/local/bin/node /usr/local/Cellar/yarn/1.22.19/libexec/bin/yarn.js add puppeteer

PATH: 
  /Library/Frameworks/Python.framework/Versions/3.11/bin:/usr/local/bin:/usr/local/sbin:/usr/local/bin:/usr/bin:/bin:/usr/sbin:/sbin:/Library/Frameworks/Python.framework/Versions/3.11/bin:/usr/local/sbin

Yarn version: 
  1.22.19

Node version: 
  18.15.0

Platform: 
  darwin x64

Trace: 
  Error: https://r.cnpmjs.org/puppeteer: ESOCKETTIMEDOUT
      at ClientRequest.<anonymous> (/usr/local/Cellar/yarn/1.22.19/libexec/lib/cli.js:141517:19)
      at Object.onceWrapper (node:events:627:28)
      at ClientRequest.emit (node:events:513:28)
      at TLSSocket.emitRequestTimeout (node:_http_client:848:9)
      at Object.onceWrapper (node:events:627:28)
      at TLSSocket.emit (node:events:525:35)
      at Socket._onTimeout (node:net:570:8)
      at listOnTimeout (node:internal/timers:569:17)
      at process.processTimers (node:internal/timers:512:7)

npm manifest: 
  {
    "name": "git_alfred",
    "version": "1.0.0",
    "description": "",
    "main": "index.js",
    "scripts": {
      "test": "echo \"Error: no test specified\" && exit 1"
    },
    "repository": {
      "type": "git",
      "url": "git+https://github.com/alfredgoogle/git_alfred.git"
    },
    "author": "",
    "license": "ISC",
    "bugs": {
      "url": "https://github.com/alfredgoogle/git_alfred/issues"
    },
    "homepage": "https://github.com/alfredgoogle/git_alfred#readme",
    "dependencies": {
      "request": "^2.88.2",
      "request-promise": "4.2.4"
    }
  }

yarn manifest: 
  No manifest

Lockfile: 
  # THIS IS AN AUTOGENERATED FILE. DO NOT EDIT THIS FILE DIRECTLY.
  # yarn lockfile v1
  
  
  ajv@^6.12.3:
    version "6.12.6"
    resolved "http://106.54.170.196:4873/ajv/-/ajv-6.12.6.tgz"
    integrity sha512-j3fVLgvTo527anyYyJOGTYJbG+vnnQYvE0m5mmkc1TK+nxAppkCLMIL0aZ4dblVCNoGShhm+kzE4ZUykBoMg4g==
    dependencies:
      fast-deep-equal "^3.1.1"
      fast-json-stable-stringify "^2.0.0"
      json-schema-traverse "^0.4.1"
      uri-js "^4.2.2"
  
  asn1@~0.2.3:
    version "0.2.6"
    resolved "http://106.54.170.196:4873/asn1/-/asn1-0.2.6.tgz"
    integrity sha1-DTp7tuZOAqkMAwOzHykoaOoJoI0=
    dependencies:
      safer-buffer "~2.1.0"
  
  assert-plus@^1.0.0, assert-plus@1.0.0:
    version "1.0.0"
    resolved "http://106.54.170.196:4873/assert-plus/-/assert-plus-1.0.0.tgz"
    integrity sha1-8S4PPF13sLHN2RRpQuTpbB5N1SU=
  
  asynckit@^0.4.0:
    version "0.4.0"
    resolved "http://106.54.170.196:4873/asynckit/-/asynckit-0.4.0.tgz"
    integrity sha1-x57Zf380y48robyXkLzDZkdLS3k=
  
  aws-sign2@~0.7.0:
    version "0.7.0"
    resolved "http://106.54.170.196:4873/aws-sign2/-/aws-sign2-0.7.0.tgz"
    integrity sha1-tG6JCTSpWR8tL2+G1+ap8bP+dqg=
  
  aws4@^1.8.0:
    version "1.11.0"
    resolved "http://106.54.170.196:4873/aws4/-/aws4-1.11.0.tgz"
    integrity sha512-xh1Rl34h6Fi1DC2WWKfxUTVqRsNnr6LsKz2+hfwDxQJWmrx8+c7ylaqBMcHfl1U1r2dsifOvKX3LQuLNZ+XSvA==
  
  bcrypt-pbkdf@^1.0.0:
    version "1.0.2"
    resolved "http://106.54.170.196:4873/bcrypt-pbkdf/-/bcrypt-pbkdf-1.0.2.tgz"
    integrity sha1-pDAdOJtqQ/m2f/PKEaP2Y342Dp4=
    dependencies:
      tweetnacl "^0.14.3"
  
  bluebird@^3.5.0:
    version "3.7.2"
    resolved "http://106.54.170.196:4873/bluebird/-/bluebird-3.7.2.tgz"
    integrity sha512-XpNj6GDQzdfW+r2Wnn7xiSAd7TM3jzkxGXBGTtWKuSXv1xUV+azxAm8jdWZN06QTQk+2N2XB9jRDkvbmQmcRtg==
  
  caseless@~0.12.0:
    version "0.12.0"
    resolved "http://106.54.170.196:4873/caseless/-/caseless-0.12.0.tgz"
    integrity sha1-G2gcIf+EAzyCZUMJBolCDRhxUdw=
  
  combined-stream@^1.0.6, combined-stream@~1.0.6:
    version "1.0.8"
    resolved "http://106.54.170.196:4873/combined-stream/-/combined-stream-1.0.8.tgz"
    integrity sha512-FQN4MRfuJeHf7cBbBMJFXhKSDq+2kAArBlmRBvcvFE5BB1HZKXtSFASDhdlz9zOYwxh8lDdnvmMOe/+5cdoEdg==
    dependencies:
      delayed-stream "~1.0.0"
  
  core-util-is@1.0.2:
    version "1.0.2"
    resolved "http://106.54.170.196:4873/core-util-is/-/core-util-is-1.0.2.tgz"
    integrity sha1-tf1UIgqivFq1eqtxQMlAdUUDwac=
  
  dashdash@^1.12.0:
    version "1.14.1"
    resolved "http://106.54.170.196:4873/dashdash/-/dashdash-1.14.1.tgz"
    integrity sha1-hTz6D3y+L+1d4gMmuN1YEDX24vA=
    dependencies:
      assert-plus "^1.0.0"
  
  delayed-stream@~1.0.0:
    version "1.0.0"
    resolved "http://106.54.170.196:4873/delayed-stream/-/delayed-stream-1.0.0.tgz"
    integrity sha1-3zrhmayt+31ECqrgsp4icrJOxhk=
  
  ecc-jsbn@~0.1.1:
    version "0.1.2"
    resolved "http://106.54.170.196:4873/ecc-jsbn/-/ecc-jsbn-0.1.2.tgz"
    integrity sha1-OoOpBOVDUyh4dMVkt1SThoSamMk=
    dependencies:
      jsbn "~0.1.0"
      safer-buffer "^2.1.0"
  
  extend@~3.0.2:
    version "3.0.2"
    resolved "http://106.54.170.196:4873/extend/-/extend-3.0.2.tgz"
    integrity sha512-fjquC59cD7CyW6urNXK0FBufkZcoiGG80wTuPujX590cB5Ttln20E2UB4S/WARVqhXffZl2LNgS+gQdPIIim/g==
  
  extsprintf@^1.2.0, extsprintf@1.3.0:
    version "1.3.0"
    resolved "http://106.54.170.196:4873/extsprintf/-/extsprintf-1.3.0.tgz"
    integrity sha1-lpGEQOMEGnpBT4xS48V06zw+HgU=
  
  fast-deep-equal@^3.1.1:
    version "3.1.3"
    resolved "http://106.54.170.196:4873/fast-deep-equal/-/fast-deep-equal-3.1.3.tgz"
    integrity sha512-f3qQ9oQy9j2AhBe/H9VC91wLmKBCCU/gDOnKNAYG5hswO7BLKj09Hc5HYNz9cGI++xlpDCIgDaitVs03ATR84Q==
  
  fast-json-stable-stringify@^2.0.0:
    version "2.1.0"
    resolved "http://106.54.170.196:4873/fast-json-stable-stringify/-/fast-json-stable-stringify-2.1.0.tgz"
    integrity sha512-lhd/wF+Lk98HZoTCtlVraHtfh5XYijIjalXck7saUtuanSDyLMxnHhSXEDJqHxD7msR8D0uCmqlkwjCV8xvwHw==
  
  forever-agent@~0.6.1:
    version "0.6.1"
    resolved "http://106.54.170.196:4873/forever-agent/-/forever-agent-0.6.1.tgz"
    integrity sha1-+8cfDEGt6zf5bFd60e1C2P2sypE=
  
  form-data@~2.3.2:
    version "2.3.3"
    resolved "http://106.54.170.196:4873/form-data/-/form-data-2.3.3.tgz"
    integrity sha512-1lLKB2Mu3aGP1Q/2eCOx0fNbRMe7XdwktwOruhfqqd0rIJWwN4Dh+E3hrPSlDCXnSR7UtZ1N38rVXm+6+MEhJQ==
    dependencies:
      asynckit "^0.4.0"
      combined-stream "^1.0.6"
      mime-types "^2.1.12"
  
  getpass@^0.1.1:
    version "0.1.7"
    resolved "http://106.54.170.196:4873/getpass/-/getpass-0.1.7.tgz"
    integrity sha1-Xv+OPmhNVprkyysSgmBOi6YhSfo=
    dependencies:
      assert-plus "^1.0.0"
  
  har-schema@^2.0.0:
    version "2.0.0"
    resolved "http://106.54.170.196:4873/har-schema/-/har-schema-2.0.0.tgz"
    integrity sha1-qUwiJOvKwEeCoNkDVSHyRzW37JI=
  
  har-validator@~5.1.3:
    version "5.1.5"
    resolved "http://106.54.170.196:4873/har-validator/-/har-validator-5.1.5.tgz"
    integrity sha512-nmT2T0lljbxdQZfspsno9hgrG3Uir6Ks5afism62poxqBM6sDnMEuPmzTq8XN0OEwqKLLdh1jQI3qyE66Nzb3w==
    dependencies:
      ajv "^6.12.3"
      har-schema "^2.0.0"
  
  http-signature@~1.2.0:
    version "1.2.0"
    resolved "http://106.54.170.196:4873/http-signature/-/http-signature-1.2.0.tgz"
    integrity sha1-muzZJRFHcvPZW2WmCruPfBj7rOE=
    dependencies:
      assert-plus "^1.0.0"
      jsprim "^1.2.2"
      sshpk "^1.7.0"
  
  is-typedarray@~1.0.0:
    version "1.0.0"
    resolved "http://106.54.170.196:4873/is-typedarray/-/is-typedarray-1.0.0.tgz"
    integrity sha1-5HnICFjfDBsR3dppQPlgEfzaSpo=
  
  isstream@~0.1.2:
    version "0.1.2"
    resolved "http://106.54.170.196:4873/isstream/-/isstream-0.1.2.tgz"
    integrity sha1-R+Y/evVa+m+S4VAOaQ64uFKcCZo=
  
  jsbn@~0.1.0:
    version "0.1.1"
    resolved "http://106.54.170.196:4873/jsbn/-/jsbn-0.1.1.tgz"
    integrity sha1-peZUwuWi3rXyAdls77yoDA7y9RM=
  
  json-schema-traverse@^0.4.1:
    version "0.4.1"
    resolved "http://106.54.170.196:4873/json-schema-traverse/-/json-schema-traverse-0.4.1.tgz"
    integrity sha512-xbbCH5dCYU5T8LcEhhuh7HJ88HXuW3qsI3Y0zOZFKfZEHcpWiHU/Jxzk629Brsab/mMiHQti9wMP+845RPe3Vg==
  
  json-schema@0.4.0:
    version "0.4.0"
    resolved "http://106.54.170.196:4873/json-schema/-/json-schema-0.4.0.tgz"
    integrity sha1-995M9u+rg4666zI2R0y7paGTCrU=
  
  json-stringify-safe@~5.0.1:
    version "5.0.1"
    resolved "http://106.54.170.196:4873/json-stringify-safe/-/json-stringify-safe-5.0.1.tgz"
    integrity sha1-Epai1Y/UXxmg9s4B1lcB4sc1tus=
  
  jsprim@^1.2.2:
    version "1.4.2"
    resolved "http://106.54.170.196:4873/jsprim/-/jsprim-1.4.2.tgz"
    integrity sha512-P2bSOMAc/ciLz6DzgjVlGJP9+BrJWu5UDGK70C2iweC5QBIeFf0ZXRvGjEj2uYgrY2MkAAhsSWHDWlFtEroZWw==
    dependencies:
      assert-plus "1.0.0"
      extsprintf "1.3.0"
      json-schema "0.4.0"
      verror "1.10.0"
  
  lodash@^4.17.11:
    version "4.17.21"
    resolved "http://106.54.170.196:4873/lodash/-/lodash-4.17.21.tgz"
    integrity sha512-v2kDEe57lecTulaDIuNTPy3Ry4gLGJ6Z1O3vE1krgXZNrsQ+LFTGHVxVjcXPs17LhbZVGedAJv8XZ1tvj5FvSg==
  
  mime-db@1.52.0:
    version "1.52.0"
    resolved "http://106.54.170.196:4873/mime-db/-/mime-db-1.52.0.tgz"
    integrity sha512-sPU4uV7dYlvtWJxwwxHD0PuihVNiE7TyAbQ5SWxDCB9mUYvOgroQOwYQQOKPJ8CIbE+1ETVlOoK1UC2nU3gYvg==
  
  mime-types@^2.1.12, mime-types@~2.1.19:
    version "2.1.35"
    resolved "http://106.54.170.196:4873/mime-types/-/mime-types-2.1.35.tgz"
    integrity sha512-ZDY+bPm5zTTF+YpCrAU9nK0UgICYPT0QtT1NZWFv4s++TNkcgVaT0g6+4R2uI4MjQjzysHB1zxuWL50hzaeXiw==
    dependencies:
      mime-db "1.52.0"
  
  oauth-sign@~0.9.0:
    version "0.9.0"
    resolved "http://106.54.170.196:4873/oauth-sign/-/oauth-sign-0.9.0.tgz"
    integrity sha512-fexhUFFPTGV8ybAtSIGbV6gOkSv8UtRbDBnAyLQw4QPKkgNlsH2ByPGtMUqdWkos6YCRmAqViwgZrJc/mRDzZQ==
  
  performance-now@^2.1.0:
    version "2.1.0"
    resolved "http://106.54.170.196:4873/performance-now/-/performance-now-2.1.0.tgz"
    integrity sha1-Ywn04OX6kT7BxpMHrjZLSzd8nns=
  
  psl@^1.1.28:
    version "1.9.0"
    resolved "http://106.54.170.196:4873/psl/-/psl-1.9.0.tgz"
    integrity sha512-E/ZsdU4HLs/68gYzgGTkMicWTLPdAftJLfJFlLUAAKZGkStNU72sZjT66SnMDVOfOWY/YAoiD7Jxa9iHvngcag==
  
  punycode@^2.1.0, punycode@^2.1.1:
    version "2.1.1"
    resolved "http://106.54.170.196:4873/punycode/-/punycode-2.1.1.tgz"
    integrity sha512-XRsRjdf+j5ml+y/6GKHPZbrF/8p2Yga0JPtdqTIY2Xe5ohJPD9saDJJLPvp9+NSBprVvevdXZybnj2cv8OEd0A==
  
  qs@~6.5.2:
    version "6.5.3"
    resolved "http://106.54.170.196:4873/qs/-/qs-6.5.3.tgz"
    integrity sha512-qxXIEh4pCGfHICj1mAJQ2/2XVZkjCDTcEgfoSQxc/fYivUZxTkk7L3bDBJSoNrEzXI17oUO5Dp07ktqE5KzczA==
  
  request-promise-core@1.1.2:
    version "1.1.2"
    resolved "http://106.54.170.196:4873/request-promise-core/-/request-promise-core-1.1.2.tgz"
    integrity sha512-UHYyq1MO8GsefGEt7EprS8UrXsm1TxEvFUX1IMTuSLU2Rh7fTIdFtl8xD7JiEYiWU2dl+NYAjCTksTehQUxPag==
    dependencies:
      lodash "^4.17.11"
  
  request-promise@4.2.4:
    version "4.2.4"
    resolved "http://106.54.170.196:4873/request-promise/-/request-promise-4.2.4.tgz"
    integrity sha512-8wgMrvE546PzbR5WbYxUQogUnUDfM0S7QIFZMID+J73vdFARkFy+HElj4T+MWYhpXwlLp0EQ8Zoj8xUA0he4Vg==
    dependencies:
      bluebird "^3.5.0"
      request-promise-core "1.1.2"
      stealthy-require "^1.1.1"
      tough-cookie "^2.3.3"
  
  request@^2.34, request@^2.88.2:
    version "2.88.2"
    resolved "http://106.54.170.196:4873/request/-/request-2.88.2.tgz"
    integrity sha512-MsvtOrfG9ZcrOwAW+Qi+F6HbD0CWXEh9ou77uOb7FM2WPhwT7smM833PzanhJLsgXjN89Ir6V2PczXNnMpwKhw==
    dependencies:
      aws-sign2 "~0.7.0"
      aws4 "^1.8.0"
      caseless "~0.12.0"
      combined-stream "~1.0.6"
      extend "~3.0.2"
      forever-agent "~0.6.1"
      form-data "~2.3.2"
      har-validator "~5.1.3"
      http-signature "~1.2.0"
      is-typedarray "~1.0.0"
      isstream "~0.1.2"
      json-stringify-safe "~5.0.1"
      mime-types "~2.1.19"
      oauth-sign "~0.9.0"
      performance-now "^2.1.0"
      qs "~6.5.2"
      safe-buffer "^5.1.2"
      tough-cookie "~2.5.0"
      tunnel-agent "^0.6.0"
      uuid "^3.3.2"
  
  safe-buffer@^5.0.1, safe-buffer@^5.1.2:
    version "5.2.1"
    resolved "http://106.54.170.196:4873/safe-buffer/-/safe-buffer-5.2.1.tgz"
    integrity sha512-rp3So07KcdmmKbGvgaNxQSJr7bGVSVk5S9Eq1F+ppbRo70+YeaDxkw5Dd8NPN+GD6bjnYm2VuPuCXmpuYvmCXQ==
  
  safer-buffer@^2.0.2, safer-buffer@^2.1.0, safer-buffer@~2.1.0:
    version "2.1.2"
    resolved "http://106.54.170.196:4873/safer-buffer/-/safer-buffer-2.1.2.tgz"
    integrity sha512-YZo3K82SD7Riyi0E1EQPojLz7kpepnSQI9IyPbHHg1XXXevb5dJI7tpyN2ADxGcQbHG7vcyRHk0cbwqcQriUtg==
  
  sshpk@^1.7.0:
    version "1.17.0"
    resolved "http://106.54.170.196:4873/sshpk/-/sshpk-1.17.0.tgz"
    integrity sha512-/9HIEs1ZXGhSPE8X6Ccm7Nam1z8KcoCqPdI7ecm1N33EzAetWahvQWVqLZtaZQ+IDKX4IyA2o0gBzqIMkAagHQ==
    dependencies:
      asn1 "~0.2.3"
      assert-plus "^1.0.0"
      bcrypt-pbkdf "^1.0.0"
      dashdash "^1.12.0"
      ecc-jsbn "~0.1.1"
      getpass "^0.1.1"
      jsbn "~0.1.0"
      safer-buffer "^2.0.2"
      tweetnacl "~0.14.0"
  
  stealthy-require@^1.1.1:
    version "1.1.1"
    resolved "http://106.54.170.196:4873/stealthy-require/-/stealthy-require-1.1.1.tgz"
    integrity sha1-NbCYdbT/SfJqd35QmzCQoyJr8ks=
  
  tough-cookie@^2.3.3, tough-cookie@~2.5.0:
    version "2.5.0"
    resolved "http://106.54.170.196:4873/tough-cookie/-/tough-cookie-2.5.0.tgz"
    integrity sha512-nlLsUzgm1kfLXSXfRZMc1KLAugd4hqJHDTvc2hDIwS3mZAfMEuMbc03SujMF+GEcpaX/qboeycw6iO8JwVv2+g==
    dependencies:
      psl "^1.1.28"
      punycode "^2.1.1"
  
  tunnel-agent@^0.6.0:
    version "0.6.0"
    resolved "http://106.54.170.196:4873/tunnel-agent/-/tunnel-agent-0.6.0.tgz"
    integrity sha1-J6XeoGs2sEoKmWZ3SykIaPD8QP0=
    dependencies:
      safe-buffer "^5.0.1"
  
  tweetnacl@^0.14.3, tweetnacl@~0.14.0:
    version "0.14.5"
    resolved "http://106.54.170.196:4873/tweetnacl/-/tweetnacl-0.14.5.tgz"
    integrity sha1-WuaBd/GS1EViadEIr6k/+HQ/T2Q=
  
  uri-js@^4.2.2:
    version "4.4.1"
    resolved "http://106.54.170.196:4873/uri-js/-/uri-js-4.4.1.tgz"
    integrity sha512-7rKUyy33Q1yc98pQ1DAmLtwX109F7TIfWlW1Ydo8Wl1ii1SeHieeh0HHfPeL2fMXK6z0s8ecKs9frCuLJvndBg==
    dependencies:
      punycode "^2.1.0"
  
  uuid@^3.3.2:
    version "3.4.0"
    resolved "http://106.54.170.196:4873/uuid/-/uuid-3.4.0.tgz"
    integrity sha512-HjSDRw6gZE5JMggctHBcjVak08+KEVhSIiDzFnT9S9aegmp85S/bReBVTb4QTFaRNptJ9kuYaNhnbNEOkbKb/A==
  
  verror@1.10.0:
    version "1.10.0"
    resolved "http://106.54.170.196:4873/verror/-/verror-1.10.0.tgz"
    integrity sha1-OhBcoXBTr1XW4nDB+CiGguGNpAA=
    dependencies:
      assert-plus "^1.0.0"
      core-util-is "1.0.2"
      extsprintf "^1.2.0"
